2021-07-23 13:25:43 INFO  BasePages:24 - Initialize BasePages
2021-07-23 13:25:43 INFO  SecondTest:21 - Initialize FirstTest
2021-07-23 13:25:58 INFO  BasePages:171 - File already exists
2021-07-23 13:25:58 INFO  BasePages:176 - ==========	Purchases info start	==========
2021-07-23 13:25:58 INFO  BasePages:181 - Purchase #0	Start Price = 40 266,70

2021-07-23 13:25:58 INFO  BasePages:181 - Purchase #1	Start Price = 5 000,00

2021-07-23 13:25:58 INFO  BasePages:181 - Purchase #2	Start Price = 579 948,00

2021-07-23 13:25:58 INFO  BasePages:181 - Purchase #3	Start Price = 48 899 065,00

2021-07-23 13:25:58 INFO  BasePages:181 - Purchase #4	Start Price = 77 945,00

2021-07-23 13:25:58 INFO  BasePages:181 - Purchase #5	Start Price = 80 622,80

2021-07-23 13:25:58 INFO  BasePages:181 - Purchase #6	Start Price = 8 866,66

2021-07-23 13:25:58 INFO  BasePages:181 - Purchase #7	Start Price = 691 545,00

2021-07-23 13:25:58 INFO  BasePages:181 - Purchase #8	Start Price = 77 377,20

2021-07-23 13:25:58 INFO  BasePages:181 - Purchase #9	Start Price = 217 522,00

2021-07-23 13:25:58 INFO  BasePages:186 - Count of purchases: 10
2021-07-23 13:25:58 INFO  BasePages:188 - ==========	Purchases info end	==========
2021-07-23 13:25:58 INFO  BasePages:190 - Successfully wrote to the file
2021-07-23 13:25:58 ERROR BasePages:192 - Test error
java.lang.Exception: Test exception
	at pages.BasePages.saveAsTxtFile(BasePages.java:192)
	at pages.FirstTest.saveTheResultsToAFileCalled(FirstTest.java:85)
	at sun.reflect.NativeMethodAccessorImpl.invoke0(Native Method)
	at sun.reflect.NativeMethodAccessorImpl.invoke(NativeMethodAccessorImpl.java:62)
	at sun.reflect.DelegatingMethodAccessorImpl.invoke(DelegatingMethodAccessorImpl.java:43)
	at java.lang.reflect.Method.invoke(Method.java:498)
	at io.cucumber.java.Invoker.doInvoke(Invoker.java:66)
	at io.cucumber.java.Invoker.invoke(Invoker.java:24)
	at io.cucumber.java.AbstractGlueDefinition.invokeMethod(AbstractGlueDefinition.java:47)
	at io.cucumber.java.JavaStepDefinition.execute(JavaStepDefinition.java:29)
	at io.cucumber.core.runner.PickleStepDefinitionMatch.runStep(PickleStepDefinitionMatch.java:63)
	at io.cucumber.core.runner.TestStep.executeStep(TestStep.java:92)
	at io.cucumber.core.runner.TestStep.run(TestStep.java:63)
	at io.cucumber.core.runner.PickleStepTestStep.run(PickleStepTestStep.java:49)
	at io.cucumber.core.runner.TestCase.run(TestCase.java:98)
	at io.cucumber.core.runner.Runner.runPickle(Runner.java:71)
	at io.cucumber.core.runtime.Runtime.lambda$execute$5(Runtime.java:110)
	at io.cucumber.core.runtime.CucumberExecutionContext.runTestCase(CucumberExecutionContext.java:131)
	at io.cucumber.core.runtime.Runtime.lambda$execute$6(Runtime.java:110)
	at java.util.concurrent.Executors$RunnableAdapter.call(Executors.java:511)
	at java.util.concurrent.FutureTask.run(FutureTask.java:266)
	at io.cucumber.core.runtime.Runtime$SameThreadExecutorService.execute(Runtime.java:233)
	at java.util.concurrent.AbstractExecutorService.submit(AbstractExecutorService.java:112)
	at io.cucumber.core.runtime.Runtime.lambda$run$2(Runtime.java:86)
	at java.util.stream.ReferencePipeline$3$1.accept(ReferencePipeline.java:193)
	at java.util.stream.SliceOps$1$1.accept(SliceOps.java:204)
	at java.util.ArrayList$ArrayListSpliterator.tryAdvance(ArrayList.java:1351)
	at java.util.stream.ReferencePipeline.forEachWithCancel(ReferencePipeline.java:126)
	at java.util.stream.AbstractPipeline.copyIntoWithCancel(AbstractPipeline.java:498)
	at java.util.stream.AbstractPipeline.copyInto(AbstractPipeline.java:485)
	at java.util.stream.AbstractPipeline.wrapAndCopyInto(AbstractPipeline.java:471)
	at java.util.stream.ReduceOps$ReduceOp.evaluateSequential(ReduceOps.java:708)
	at java.util.stream.AbstractPipeline.evaluate(AbstractPipeline.java:234)
	at java.util.stream.ReferencePipeline.collect(ReferencePipeline.java:499)
	at io.cucumber.core.runtime.Runtime.run(Runtime.java:87)
	at io.cucumber.core.cli.Main.run(Main.java:78)
	at io.cucumber.core.cli.Main.main(Main.java:33)
2021-07-23 13:26:59 INFO  BasePages:24 - Initialize BasePages
2021-07-23 13:26:59 INFO  SecondTest:21 - Initialize FirstTest
2021-07-23 13:29:33 INFO  BasePages:24 - Initialize BasePages
2021-07-23 13:29:33 INFO  SecondTest:21 - Initialize FirstTest
2021-07-23 13:29:46 INFO  BasePages:171 - File already exists
2021-07-23 13:29:46 INFO  BasePages:176 - ==========	Purchases info start	==========
2021-07-23 13:29:46 INFO  BasePages:181 - Purchase #0	Start Price = 11 284,90

2021-07-23 13:29:46 INFO  BasePages:181 - Purchase #1	Start Price = 40 266,70

2021-07-23 13:29:46 INFO  BasePages:181 - Purchase #2	Start Price = 5 000,00

2021-07-23 13:29:46 INFO  BasePages:181 - Purchase #3	Start Price = 579 948,00

2021-07-23 13:29:46 INFO  BasePages:181 - Purchase #4	Start Price = 48 899 065,00

2021-07-23 13:29:46 INFO  BasePages:181 - Purchase #5	Start Price = 77 945,00

2021-07-23 13:29:46 INFO  BasePages:181 - Purchase #6	Start Price = 80 622,80

2021-07-23 13:29:46 INFO  BasePages:181 - Purchase #7	Start Price = 8 866,66

2021-07-23 13:29:46 INFO  BasePages:181 - Purchase #8	Start Price = 691 545,00

2021-07-23 13:29:46 INFO  BasePages:181 - Purchase #9	Start Price = 77 377,20

2021-07-23 13:29:46 INFO  BasePages:186 - Count of purchases: 10
2021-07-23 13:29:46 INFO  BasePages:188 - ==========	Purchases info end	==========
2021-07-23 13:29:46 INFO  BasePages:190 - Successfully wrote to the file
2021-07-23 13:29:46 ERROR BasePages:192 - Test error
java.lang.Exception: Test exception
	at pages.BasePages.saveAsTxtFile(BasePages.java:192)
	at pages.FirstTest.saveTheResultsToAFileCalled(FirstTest.java:85)
	at sun.reflect.NativeMethodAccessorImpl.invoke0(Native Method)
	at sun.reflect.NativeMethodAccessorImpl.invoke(NativeMethodAccessorImpl.java:62)
	at sun.reflect.DelegatingMethodAccessorImpl.invoke(DelegatingMethodAccessorImpl.java:43)
	at java.lang.reflect.Method.invoke(Method.java:498)
	at io.cucumber.java.Invoker.doInvoke(Invoker.java:66)
	at io.cucumber.java.Invoker.invoke(Invoker.java:24)
	at io.cucumber.java.AbstractGlueDefinition.invokeMethod(AbstractGlueDefinition.java:47)
	at io.cucumber.java.JavaStepDefinition.execute(JavaStepDefinition.java:29)
	at io.cucumber.core.runner.PickleStepDefinitionMatch.runStep(PickleStepDefinitionMatch.java:63)
	at io.cucumber.core.runner.TestStep.executeStep(TestStep.java:92)
	at io.cucumber.core.runner.TestStep.run(TestStep.java:63)
	at io.cucumber.core.runner.PickleStepTestStep.run(PickleStepTestStep.java:49)
	at io.cucumber.core.runner.TestCase.run(TestCase.java:98)
	at io.cucumber.core.runner.Runner.runPickle(Runner.java:71)
	at io.cucumber.core.runtime.Runtime.lambda$execute$5(Runtime.java:110)
	at io.cucumber.core.runtime.CucumberExecutionContext.runTestCase(CucumberExecutionContext.java:131)
	at io.cucumber.core.runtime.Runtime.lambda$execute$6(Runtime.java:110)
	at java.util.concurrent.Executors$RunnableAdapter.call(Executors.java:511)
	at java.util.concurrent.FutureTask.run(FutureTask.java:266)
	at io.cucumber.core.runtime.Runtime$SameThreadExecutorService.execute(Runtime.java:233)
	at java.util.concurrent.AbstractExecutorService.submit(AbstractExecutorService.java:112)
	at io.cucumber.core.runtime.Runtime.lambda$run$2(Runtime.java:86)
	at java.util.stream.ReferencePipeline$3$1.accept(ReferencePipeline.java:193)
	at java.util.stream.SliceOps$1$1.accept(SliceOps.java:204)
	at java.util.ArrayList$ArrayListSpliterator.tryAdvance(ArrayList.java:1351)
	at java.util.stream.ReferencePipeline.forEachWithCancel(ReferencePipeline.java:126)
	at java.util.stream.AbstractPipeline.copyIntoWithCancel(AbstractPipeline.java:498)
	at java.util.stream.AbstractPipeline.copyInto(AbstractPipeline.java:485)
	at java.util.stream.AbstractPipeline.wrapAndCopyInto(AbstractPipeline.java:471)
	at java.util.stream.ReduceOps$ReduceOp.evaluateSequential(ReduceOps.java:708)
	at java.util.stream.AbstractPipeline.evaluate(AbstractPipeline.java:234)
	at java.util.stream.ReferencePipeline.collect(ReferencePipeline.java:499)
	at io.cucumber.core.runtime.Runtime.run(Runtime.java:87)
	at io.cucumber.core.cli.Main.run(Main.java:78)
	at io.cucumber.core.cli.Main.main(Main.java:33)
2021-07-23 15:09:36 INFO  BasePages:24 - Initialize BasePages
2021-07-23 15:09:36 INFO  SecondTest:21 - Initialize FirstTest
2021-07-23 15:11:04 INFO  BasePages:24 - Initialize BasePages
2021-07-23 15:11:04 INFO  SecondTest:21 - Initialize FirstTest
2021-07-23 15:17:01 INFO  BasePages:24 - Initialize BasePages
2021-07-23 15:17:01 INFO  SecondTest:23 - Initialize FirstTest
2021-07-23 15:21:18 INFO  BasePages:24 - Initialize BasePages
2021-07-23 15:21:18 INFO  SecondTest:23 - Initialize FirstTest
2021-07-23 15:24:25 INFO  BasePages:24 - Initialize BasePages
2021-07-23 15:24:25 INFO  SecondTest:23 - Initialize FirstTest
2021-07-23 15:26:00 INFO  BasePages:24 - Initialize BasePages
2021-07-23 15:26:00 INFO  SecondTest:23 - Initialize FirstTest
2021-07-23 15:26:44 INFO  BasePages:24 - Initialize BasePages
2021-07-23 15:26:44 INFO  SecondTest:23 - Initialize FirstTest
2021-07-23 15:26:58 INFO  BasePages:183 - ==========	Purchases info start	==========
2021-07-23 15:26:58 INFO  BasePages:188 - Purchase #0	Start Price = 10 900,00

2021-07-23 15:26:58 INFO  BasePages:188 - Purchase #1	Start Price = 1 950,00

2021-07-23 15:26:58 INFO  BasePages:188 - Purchase #2	Start Price = 10 210,00

2021-07-23 15:26:58 INFO  BasePages:188 - Purchase #3	Start Price = 30 500,33

2021-07-23 15:26:58 INFO  BasePages:188 - Purchase #4	Start Price = 97 000,00

2021-07-23 15:26:58 INFO  BasePages:188 - Purchase #5	Start Price = 18 000,00

2021-07-23 15:26:58 INFO  BasePages:188 - Purchase #6	Start Price = 7 056,10

2021-07-23 15:26:58 INFO  BasePages:188 - Purchase #7	Start Price = 1 600,00

2021-07-23 15:26:58 INFO  BasePages:188 - Purchase #8	Start Price = 2 780,00

2021-07-23 15:26:58 INFO  BasePages:188 - Purchase #9	Start Price = 11 541,65

2021-07-23 15:26:58 INFO  BasePages:193 - Count of purchases: 10
2021-07-23 15:26:58 INFO  BasePages:195 - ==========	Purchases info end	==========
2021-07-23 15:26:58 INFO  BasePages:197 - Successfully wrote to the file
2021-07-23 15:26:58 ERROR BasePages:199 - Test error
java.lang.Exception: Test exception
	at pages.BasePages.saveAsTxtFile(BasePages.java:199)
	at pages.FirstTest.saveTheResultsToAFileCalled(FirstTest.java:97)
	at sun.reflect.NativeMethodAccessorImpl.invoke0(Native Method)
	at sun.reflect.NativeMethodAccessorImpl.invoke(NativeMethodAccessorImpl.java:62)
	at sun.reflect.DelegatingMethodAccessorImpl.invoke(DelegatingMethodAccessorImpl.java:43)
	at java.lang.reflect.Method.invoke(Method.java:498)
	at io.cucumber.java.Invoker.doInvoke(Invoker.java:66)
	at io.cucumber.java.Invoker.invoke(Invoker.java:24)
	at io.cucumber.java.AbstractGlueDefinition.invokeMethod(AbstractGlueDefinition.java:47)
	at io.cucumber.java.JavaStepDefinition.execute(JavaStepDefinition.java:29)
	at io.cucumber.core.runner.PickleStepDefinitionMatch.runStep(PickleStepDefinitionMatch.java:63)
	at io.cucumber.core.runner.TestStep.executeStep(TestStep.java:92)
	at io.cucumber.core.runner.TestStep.run(TestStep.java:63)
	at io.cucumber.core.runner.PickleStepTestStep.run(PickleStepTestStep.java:49)
	at io.cucumber.core.runner.TestCase.run(TestCase.java:98)
	at io.cucumber.core.runner.Runner.runPickle(Runner.java:71)
	at io.cucumber.core.runtime.Runtime.lambda$execute$5(Runtime.java:110)
	at io.cucumber.core.runtime.CucumberExecutionContext.runTestCase(CucumberExecutionContext.java:131)
	at io.cucumber.core.runtime.Runtime.lambda$execute$6(Runtime.java:110)
	at java.util.concurrent.Executors$RunnableAdapter.call(Executors.java:511)
	at java.util.concurrent.FutureTask.run$$$capture(FutureTask.java:266)
	at java.util.concurrent.FutureTask.run(FutureTask.java)
	at io.cucumber.core.runtime.Runtime$SameThreadExecutorService.execute(Runtime.java:233)
	at java.util.concurrent.AbstractExecutorService.submit(AbstractExecutorService.java:112)
	at io.cucumber.core.runtime.Runtime.lambda$run$2(Runtime.java:86)
	at java.util.stream.ReferencePipeline$3$1.accept(ReferencePipeline.java:193)
	at java.util.stream.SliceOps$1$1.accept(SliceOps.java:204)
	at java.util.ArrayList$ArrayListSpliterator.tryAdvance(ArrayList.java:1351)
	at java.util.stream.ReferencePipeline.forEachWithCancel(ReferencePipeline.java:126)
	at java.util.stream.AbstractPipeline.copyIntoWithCancel(AbstractPipeline.java:498)
	at java.util.stream.AbstractPipeline.copyInto(AbstractPipeline.java:485)
	at java.util.stream.AbstractPipeline.wrapAndCopyInto(AbstractPipeline.java:471)
	at java.util.stream.ReduceOps$ReduceOp.evaluateSequential(ReduceOps.java:708)
	at java.util.stream.AbstractPipeline.evaluate(AbstractPipeline.java:234)
	at java.util.stream.ReferencePipeline.collect(ReferencePipeline.java:499)
	at io.cucumber.core.runtime.Runtime.run(Runtime.java:87)
	at io.cucumber.core.cli.Main.run(Main.java:78)
	at io.cucumber.core.cli.Main.main(Main.java:33)
